  2dGame_2.cpp
C:\git\KwangWoongLee\study\2dGame_2\2dGame_2.cpp(107,31): warning C4244: '=': 'float'에서 'LONG'(으)로 변환하면서 데이터가 손실될 수 있습니다.
C:\git\KwangWoongLee\study\2dGame_2\2dGame_2.cpp(108,31): warning C4244: '=': 'float'에서 'LONG'(으)로 변환하면서 데이터가 손실될 수 있습니다.
C:\git\KwangWoongLee\study\2dGame_2\2dGame_2.cpp(332,31): warning C4244: '=': 'float'에서 'LONG'(으)로 변환하면서 데이터가 손실될 수 있습니다.
C:\git\KwangWoongLee\study\2dGame_2\2dGame_2.cpp(333,31): warning C4244: '=': 'float'에서 'LONG'(으)로 변환하면서 데이터가 손실될 수 있습니다.
C:\git\KwangWoongLee\study\2dGame_2\2dGame_2.cpp(339,38): warning C4244: '=': 'LONG'에서 'float'(으)로 변환하면서 데이터가 손실될 수 있습니다.
C:\git\KwangWoongLee\study\2dGame_2\2dGame_2.cpp(340,38): warning C4244: '=': 'LONG'에서 'float'(으)로 변환하면서 데이터가 손실될 수 있습니다.
C:\git\KwangWoongLee\study\2dGame_2\2dGame_2.cpp(520,48): warning C4244: '인수': 'float'에서 'int'(으)로 변환하면서 데이터가 손실될 수 있습니다.
C:\git\KwangWoongLee\study\2dGame_2\2dGame_2.cpp(520,21): warning C4244: '인수': 'float'에서 'int'(으)로 변환하면서 데이터가 손실될 수 있습니다.
C:\git\KwangWoongLee\study\2dGame_2\2dGame_2.cpp(519,59): warning C4244: '인수': 'float'에서 'int'(으)로 변환하면서 데이터가 손실될 수 있습니다.
C:\git\KwangWoongLee\study\2dGame_2\2dGame_2.cpp(519,32): warning C4244: '인수': 'float'에서 'int'(으)로 변환하면서 데이터가 손실될 수 있습니다.
C:\git\KwangWoongLee\study\2dGame_2\2dGame_2.cpp(521,43): warning C4244: '인수': 'float'에서 'int'(으)로 변환하면서 데이터가 손실될 수 있습니다.
C:\git\KwangWoongLee\study\2dGame_2\2dGame_2.cpp(521,30): warning C4244: '인수': 'float'에서 'int'(으)로 변환하면서 데이터가 손실될 수 있습니다.
C:\git\KwangWoongLee\study\2dGame_2\2dGame_2.cpp(527,75): warning C4244: '인수': 'float'에서 'int'(으)로 변환하면서 데이터가 손실될 수 있습니다.
C:\git\KwangWoongLee\study\2dGame_2\2dGame_2.cpp(527,30): warning C4244: '인수': 'float'에서 'int'(으)로 변환하면서 데이터가 손실될 수 있습니다.
C:\git\KwangWoongLee\study\2dGame_2\2dGame_2.cpp(526,86): warning C4244: '인수': 'float'에서 'int'(으)로 변환하면서 데이터가 손실될 수 있습니다.
C:\git\KwangWoongLee\study\2dGame_2\2dGame_2.cpp(526,41): warning C4244: '인수': 'float'에서 'int'(으)로 변환하면서 데이터가 손실될 수 있습니다.
C:\git\KwangWoongLee\study\2dGame_2\2dGame_2.cpp(532,159): warning C4244: '인수': 'float'에서 'int'(으)로 변환하면서 데이터가 손실될 수 있습니다.
C:\git\KwangWoongLee\study\2dGame_2\2dGame_2.cpp(532,120): warning C4244: '인수': 'float'에서 'int'(으)로 변환하면서 데이터가 손실될 수 있습니다.
C:\git\KwangWoongLee\study\2dGame_2\2dGame_2.cpp(532,81): warning C4244: '인수': 'float'에서 'int'(으)로 변환하면서 데이터가 손실될 수 있습니다.
C:\git\KwangWoongLee\study\2dGame_2\2dGame_2.cpp(532,42): warning C4244: '인수': 'float'에서 'int'(으)로 변환하면서 데이터가 손실될 수 있습니다.
C:\git\KwangWoongLee\study\2dGame_2\2dGame_2.cpp(539,159): warning C4244: '인수': 'float'에서 'int'(으)로 변환하면서 데이터가 손실될 수 있습니다.
C:\git\KwangWoongLee\study\2dGame_2\2dGame_2.cpp(539,120): warning C4244: '인수': 'float'에서 'int'(으)로 변환하면서 데이터가 손실될 수 있습니다.
C:\git\KwangWoongLee\study\2dGame_2\2dGame_2.cpp(539,81): warning C4244: '인수': 'float'에서 'int'(으)로 변환하면서 데이터가 손실될 수 있습니다.
C:\git\KwangWoongLee\study\2dGame_2\2dGame_2.cpp(539,42): warning C4244: '인수': 'float'에서 'int'(으)로 변환하면서 데이터가 손실될 수 있습니다.
  2dGame_2.vcxproj -> C:\git\KwangWoongLee\study\2dGame_2\Debug\2dGame_2.exe
